<?xml version="1.0" encoding="UTF-8"?>
<!-- Generated by org.testng.reporters.JUnitReportReporter -->
<testsuite hostname="Rashels-Air.lan" failures="0" tests="1" name="Test_Cases.Successfully_delete_mail$Sign_in_test" time="5.739" errors="1" timestamp="28 Sep 2020 06:49:39 GMT">
  <testcase classname="Test_Cases.Successfully_delete_mail$Sign_in_test" name="Sucessfully_delete_mail_Test" time="5.739">
    <error type="java.lang.StackOverflowError">
      <![CDATA[java.lang.StackOverflowError
	at java.base/sun.nio.cs.UTF_8.updatePositions(UTF_8.java:79)
	at java.base/sun.nio.cs.UTF_8$Encoder.encodeArrayLoop(UTF_8.java:509)
	at java.base/sun.nio.cs.UTF_8$Encoder.encodeLoop(UTF_8.java:564)
	at java.base/java.nio.charset.CharsetEncoder.encode(CharsetEncoder.java:578)
	at java.base/sun.nio.cs.StreamEncoder.implWrite(StreamEncoder.java:301)
	at java.base/sun.nio.cs.StreamEncoder.implWrite(StreamEncoder.java:290)
	at java.base/sun.nio.cs.StreamEncoder.write(StreamEncoder.java:131)
	at java.base/java.io.OutputStreamWriter.write(OutputStreamWriter.java:211)
	at java.base/java.io.BufferedWriter.flushBuffer(BufferedWriter.java:120)
	at java.base/java.io.PrintStream.writeln(PrintStream.java:653)
	at java.base/java.io.PrintStream.println(PrintStream.java:958)
	at base.WDFunctions.getSysTime(WDFunctions.java:148)
	at base.WDFunctions.getSysTime(WDFunctions.java:150)
	at base.WDFunctions.getSysTime(WDFunctions.java:150)
	at base.WDFunctions.getSysTime(WDFunctions.java:150)
	at base.WDFunctions.getSysTime(WDFunctions.java:150)
	at base.WDFunctions.getSysTime(WDFunctions.java:150)
	at base.WDFunctions.getSysTime(WDFunctions.java:150)
	at base.WDFunctions.getSysTime(WDFunctions.java:150)
	at base.WDFunctions.getSysTime(WDFunctions.java:150)
	at base.WDFunctions.getSysTime(WDFunctions.java:150)
	at base.WDFunctions.getSysTime(WDFunctions.java:150)
	at base.WDFunctions.getSysTime(WDFunctions.java:150)
	at base.WDFunctions.getSysTime(WDFunctions.java:150)
	at base.WDFunctions.getSysTime(WDFunctions.java:150)
	at base.WDFunctions.getSysTime(WDFunctions.java:150)
	at base.WDFunctions.getSysTime(WDFunctions.java:150)
	at base.WDFunctions.getSysTime(WDFunctions.java:150)
	at base.WDFunctions.getSysTime(WDFunctions.java:150)
	at base.WDFunctions.getSysTime(WDFunctions.java:150)
	at base.WDFunctions.getSysTime(WDFunctions.java:150)
	at base.WDFunctions.getSysTime(WDFunctions.java:150)
	at base.WDFunctions.getSysTime(WDFunctions.java:150)
	at base.WDFunctions.getSysTime(WDFunctions.java:150)
	at base.WDFunctions.getSysTime(WDFunctions.java:150)
	at base.WDFunctions.getSysTime(WDFunctions.java:150)
	at base.WDFunctions.getSysTime(WDFunctions.java:150)
	at base.WDFunctions.getSysTime(WDFunctions.java:150)
	at base.WDFunctions.getSysTime(WDFunctions.java:150)
	at base.WDFunctions.getSysTime(WDFunctions.java:150)
	at base.WDFunctions.getSysTime(WDFunctions.java:150)
	at base.WDFunctions.getSysTime(WDFunctions.java:150)
	at base.WDFunctions.getSysTime(WDFunctions.java:150)
	at base.WDFunctions.getSysTime(WDFunctions.java:150)
	at base.WDFunctions.getSysTime(WDFunctions.java:150)
	at base.WDFunctions.getSysTime(WDFunctions.java:150)
	at base.WDFunctions.getSysTime(WDFunctions.java:150)
	at base.WDFunctions.getSysTime(WDFunctions.java:150)
	at base.WDFunctions.getSysTime(WDFunctions.java:150)
	at base.WDFunctions.getSysTime(WDFunctions.java:150)
	at base.WDFunctions.getSysTime(WDFunctions.java:150)
	at base.WDFunctions.getSysTime(WDFunctions.java:150)
	at base.WDFunctions.getSysTime(WDFunctions.java:150)
	at base.WDFunctions.getSysTime(WDFunctions.java:150)
	at base.WDFunctions.getSysTime(WDFunctions.java:150)
	at base.WDFunctions.getSysTime(WDFunctions.java:150)
	at base.WDFunctions.getSysTime(WDFunctions.java:150)
	at base.WDFunctions.getSysTime(WDFunctions.java:150)
	at base.WDFunctions.getSysTime(WDFunctions.java:150)
	at base.WDFunctions.getSysTime(WDFunctions.java:150)
	at base.WDFunctions.getSysTime(WDFunctions.java:150)
	at base.WDFunctions.getSysTime(WDFunctions.java:150)
	at base.WDFunctions.getSysTime(WDFunctions.java:150)
	at base.WDFunctions.getSysTime(WDFunctions.java:150)
	at base.WDFunctions.getSysTime(WDFunctions.java:150)
	at base.WDFunctions.getSysTime(WDFunctions.java:150)
	at base.WDFunctions.getSysTime(WDFunctions.java:150)
	at base.WDFunctions.getSysTime(WDFunctions.java:150)
	at base.WDFunctions.getSysTime(WDFunctions.java:150)
	at base.WDFunctions.getSysTime(WDFunctions.java:150)
	at base.WDFunctions.getSysTime(WDFunctions.java:150)
	at base.WDFunctions.getSysTime(WDFunctions.java:150)
	at base.WDFunctions.getSysTime(WDFunctions.java:150)
	at base.WDFunctions.getSysTime(WDFunctions.java:150)
	at base.WDFunctions.getSysTime(WDFunctions.java:150)
	at base.WDFunctions.getSysTime(WDFunctions.java:150)
	at base.WDFunctions.getSysTime(WDFunctions.java:150)
	at base.WDFunctions.getSysTime(WDFunctions.java:150)
	at base.WDFunctions.getSysTime(WDFunctions.java:150)
	at base.WDFunctions.getSysTime(WDFunctions.java:150)
	at base.WDFunctions.getSysTime(WDFunctions.java:150)
	at base.WDFunctions.getSysTime(WDFunctions.java:150)
	at base.WDFunctions.getSysTime(WDFunctions.java:150)
	at base.WDFunctions.getSysTime(WDFunctions.java:150)
	at base.WDFunctions.getSysTime(WDFunctions.java:150)
	at base.WDFunctions.getSysTime(WDFunctions.java:150)
	at base.WDFunctions.getSysTime(WDFunctions.java:150)
	at base.WDFunctions.getSysTime(WDFunctions.java:150)
	at base.WDFunctions.getSysTime(WDFunctions.java:150)
	at base.WDFunctions.getSysTime(WDFunctions.java:150)
	at base.WDFunctions.getSysTime(WDFunctions.java:150)
	at base.WDFunctions.getSysTime(WDFunctions.java:150)
	at base.WDFunctions.getSysTime(WDFunctions.java:150)
	at base.WDFunctions.getSysTime(WDFunctions.java:150)
	at base.WDFunctions.getSysTime(WDFunctions.java:150)
	at base.WDFunctions.getSysTime(WDFunctions.java:150)
	at base.WDFunctions.getSysTime(WDFunctions.java:150)
	at base.WDFunctions.getSysTime(WDFunctions.java:150)
	at base.WDFunctions.getSysTime(WDFunctions.java:150)
	at base.WDFunctions.getSysTime(WDFunctions.java:150)
	at base.WDFunctions.getSysTime(WDFunctions.java:150)
	at base.WDFunctions.getSysTime(WDFunctions.java:150)
	at base.WDFunctions.getSysTime(WDFunctions.java:150)
	at base.WDFunctions.getSysTime(WDFunctions.java:150)
	at base.WDFunctions.getSysTime(WDFunctions.java:150)
	at base.WDFunctions.getSysTime(WDFunctions.java:150)
	at base.WDFunctions.getSysTime(WDFunctions.java:150)
	at base.WDFunctions.getSysTime(WDFunctions.java:150)
	at base.WDFunctions.getSysTime(WDFunctions.java:150)
	at base.WDFunctions.getSysTime(WDFunctions.java:150)
	at base.WDFunctions.getSysTime(WDFunctions.java:150)
	at base.WDFunctions.getSysTime(WDFunctions.java:150)
	at base.WDFunctions.getSysTime(WDFunctions.java:150)
	at base.WDFunctions.getSysTime(WDFunctions.java:150)
	at base.WDFunctions.getSysTime(WDFunctions.java:150)
	at base.WDFunctions.getSysTime(WDFunctions.java:150)
	at base.WDFunctions.getSysTime(WDFunctions.java:150)
	at base.WDFunctions.getSysTime(WDFunctions.java:150)
	at base.WDFunctions.getSysTime(WDFunctions.java:150)
	at base.WDFunctions.getSysTime(WDFunctions.java:150)
	at base.WDFunctions.getSysTime(WDFunctions.java:150)
	at base.WDFunctions.getSysTime(WDFunctions.java:150)
	at base.WDFunctions.getSysTime(WDFunctions.java:150)
	at base.WDFunctions.getSysTime(WDFunctions.java:150)
	at base.WDFunctions.getSysTime(WDFunctions.java:150)
	at base.WDFunctions.getSysTime(WDFunctions.java:150)
	at base.WDFunctions.getSysTime(WDFunctions.java:150)
	at base.WDFunctions.getSysTime(WDFunctions.java:150)
	at base.WDFunctions.getSysTime(WDFunctions.java:150)
	at base.WDFunctions.getSysTime(WDFunctions.java:150)
	at base.WDFunctions.getSysTime(WDFunctions.java:150)
	at base.WDFunctions.getSysTime(WDFunctions.java:150)
	at base.WDFunctions.getSysTime(WDFunctions.java:150)
	at base.WDFunctions.getSysTime(WDFunctions.java:150)
	at base.WDFunctions.getSysTime(WDFunctions.java:150)
	at base.WDFunctions.getSysTime(WDFunctions.java:150)
	at base.WDFunctions.getSysTime(WDFunctions.java:150)
	at base.WDFunctions.getSysTime(WDFunctions.java:150)
	at base.WDFunctions.getSysTime(WDFunctions.java:150)
	at base.WDFunctions.getSysTime(WDFunctions.java:150)
	at base.WDFunctions.getSysTime(WDFunctions.java:150)
	at base.WDFunctions.getSysTime(WDFunctions.java:150)
	at base.WDFunctions.getSysTime(WDFunctions.java:150)
	at base.WDFunctions.getSysTime(WDFunctions.java:150)
	at base.WDFunctions.getSysTime(WDFunctions.java:150)
	at base.WDFunctions.getSysTime(WDFunctions.java:150)
	at base.WDFunctions.getSysTime(WDFunctions.java:150)
	at base.WDFunctions.getSysTime(WDFunctions.java:150)
	at base.WDFunctions.getSysTime(WDFunctions.java:150)
	at base.WDFunctions.getSysTime(WDFunctions.java:150)
	at base.WDFunctions.getSysTime(WDFunctions.java:150)
	at base.WDFunctions.getSysTime(WDFunctions.java:150)
	at base.WDFunctions.getSysTime(WDFunctions.java:150)
	at base.WDFunctions.getSysTime(WDFunctions.java:150)
	at base.WDFunctions.getSysTime(WDFunctions.java:150)
	at base.WDFunctions.getSysTime(WDFunctions.java:150)
	at base.WDFunctions.getSysTime(WDFunctions.java:150)
	at base.WDFunctions.getSysTime(WDFunctions.java:150)
	at base.WDFunctions.getSysTime(WDFunctions.java:150)
	at base.WDFunctions.getSysTime(WDFunctions.java:150)
	at base.WDFunctions.getSysTime(WDFunctions.java:150)
	at base.WDFunctions.getSysTime(WDFunctions.java:150)
	at base.WDFunctions.getSysTime(WDFunctions.java:150)
	at base.WDFunctions.getSysTime(WDFunctions.java:150)
	at base.WDFunctions.getSysTime(WDFunctions.java:150)
	at base.WDFunctions.getSysTime(WDFunctions.java:150)
	at base.WDFunctions.getSysTime(WDFunctions.java:150)
	at base.WDFunctions.getSysTime(WDFunctions.java:150)
	at base.WDFunctions.getSysTime(WDFunctions.java:150)
	at base.WDFunctions.getSysTime(WDFunctions.java:150)
	at base.WDFunctions.getSysTime(WDFunctions.java:150)
	at base.WDFunctions.getSysTime(WDFunctions.java:150)
	at base.WDFunctions.getSysTime(WDFunctions.java:150)
	at base.WDFunctions.getSysTime(WDFunctions.java:150)
	at base.WDFunctions.getSysTime(WDFunctions.java:150)
	at base.WDFunctions.getSysTime(WDFunctions.java:150)
	at base.WDFunctions.getSysTime(WDFunctions.java:150)
	at base.WDFunctions.getSysTime(WDFunctions.java:150)
	at base.WDFunctions.getSysTime(WDFunctions.java:150)
	at base.WDFunctions.getSysTime(WDFunctions.java:150)
	at base.WDFunctions.getSysTime(WDFunctions.java:150)
	at base.WDFunctions.getSysTime(WDFunctions.java:150)
	at base.WDFunctions.getSysTime(WDFunctions.java:150)
	at base.WDFunctions.getSysTime(WDFunctions.java:150)
	at base.WDFunctions.getSysTime(WDFunctions.java:150)
	at base.WDFunctions.getSysTime(WDFunctions.java:150)
	at base.WDFunctions.getSysTime(WDFunctions.java:150)
	at base.WDFunctions.getSysTime(WDFunctions.java:150)
	at base.WDFunctions.getSysTime(WDFunctions.java:150)
	at base.WDFunctions.getSysTime(WDFunctions.java:150)
	at base.WDFunctions.getSysTime(WDFunctions.java:150)
	at base.WDFunctions.getSysTime(WDFunctions.java:150)
	at base.WDFunctions.getSysTime(WDFunctions.java:150)
	at base.WDFunctions.getSysTime(WDFunctions.java:150)
	at base.WDFunctions.getSysTime(WDFunctions.java:150)
	at base.WDFunctions.getSysTime(WDFunctions.java:150)
	at base.WDFunctions.getSysTime(WDFunctions.java:150)
	at base.WDFunctions.getSysTime(WDFunctions.java:150)
	at base.WDFunctions.getSysTime(WDFunctions.java:150)
	at base.WDFunctions.getSysTime(WDFunctions.java:150)
	at base.WDFunctions.getSysTime(WDFunctions.java:150)
	at base.WDFunctions.getSysTime(WDFunctions.java:150)
	at base.WDFunctions.getSysTime(WDFunctions.java:150)
	at base.WDFunctions.getSysTime(WDFunctions.java:150)
	at base.WDFunctions.getSysTime(WDFunctions.java:150)
	at base.WDFunctions.getSysTime(WDFunctions.java:150)
	at base.WDFunctions.getSysTime(WDFunctions.java:150)
	at base.WDFunctions.getSysTime(WDFunctions.java:150)
	at base.WDFunctions.getSysTime(WDFunctions.java:150)
	at base.WDFunctions.getSysTime(WDFunctions.java:150)
	at base.WDFunctions.getSysTime(WDFunctions.java:150)
	at base.WDFunctions.getSysTime(WDFunctions.java:150)
	at base.WDFunctions.getSysTime(WDFunctions.java:150)
	at base.WDFunctions.getSysTime(WDFunctions.java:150)
	at base.WDFunctions.getSysTime(WDFunctions.java:150)
	at base.WDFunctions.getSysTime(WDFunctions.java:150)
	at base.WDFunctions.getSysTime(WDFunctions.java:150)
	at base.WDFunctions.getSysTime(WDFunctions.java:150)
	at base.WDFunctions.getSysTime(WDFunctions.java:150)
	at base.WDFunctions.getSysTime(WDFunctions.java:150)
	at base.WDFunctions.getSysTime(WDFunctions.java:150)
	at base.WDFunctions.getSysTime(WDFunctions.java:150)
	at base.WDFunctions.getSysTime(WDFunctions.java:150)
	at base.WDFunctions.getSysTime(WDFunctions.java:150)
	at base.WDFunctions.getSysTime(WDFunctions.java:150)
	at base.WDFunctions.getSysTime(WDFunctions.java:150)
	at base.WDFunctions.getSysTime(WDFunctions.java:150)
	at base.WDFunctions.getSysTime(WDFunctions.java:150)
	at base.WDFunctions.getSysTime(WDFunctions.java:150)
	at base.WDFunctions.getSysTime(WDFunctions.java:150)
	at base.WDFunctions.getSysTime(WDFunctions.java:150)
	at base.WDFunctions.getSysTime(WDFunctions.java:150)
	at base.WDFunctions.getSysTime(WDFunctions.java:150)
	at base.WDFunctions.getSysTime(WDFunctions.java:150)
	at base.WDFunctions.getSysTime(WDFunctions.java:150)
	at base.WDFunctions.getSysTime(WDFunctions.java:150)
	at base.WDFunctions.getSysTime(WDFunctions.java:150)
	at base.WDFunctions.getSysTime(WDFunctions.java:150)
	at base.WDFunctions.getSysTime(WDFunctions.java:150)
	at base.WDFunctions.getSysTime(WDFunctions.java:150)
	at base.WDFunctions.getSysTime(WDFunctions.java:150)
	at base.WDFunctions.getSysTime(WDFunctions.java:150)
	at base.WDFunctions.getSysTime(WDFunctions.java:150)
	at base.WDFunctions.getSysTime(WDFunctions.java:150)
	at base.WDFunctions.getSysTime(WDFunctions.java:150)
	at base.WDFunctions.getSysTime(WDFunctions.java:150)
	at base.WDFunctions.getSysTime(WDFunctions.java:150)
	at base.WDFunctions.getSysTime(WDFunctions.java:150)
	at base.WDFunctions.getSysTime(WDFunctions.java:150)
	at base.WDFunctions.getSysTime(WDFunctions.java:150)
	at base.WDFunctions.getSysTime(WDFunctions.java:150)
	at base.WDFunctions.getSysTime(WDFunctions.java:150)
	at base.WDFunctions.getSysTime(WDFunctions.java:150)
	at base.WDFunctions.getSysTime(WDFunctions.java:150)
	at base.WDFunctions.getSysTime(WDFunctions.java:150)
	at base.WDFunctions.getSysTime(WDFunctions.java:150)
	at base.WDFunctions.getSysTime(WDFunctions.java:150)
	at base.WDFunctions.getSysTime(WDFunctions.java:150)
	at base.WDFunctions.getSysTime(WDFunctions.java:150)
	at base.WDFunctions.getSysTime(WDFunctions.java:150)
	at base.WDFunctions.getSysTime(WDFunctions.java:150)
	at base.WDFunctions.getSysTime(WDFunctions.java:150)
	at base.WDFunctions.getSysTime(WDFunctions.java:150)
	at base.WDFunctions.getSysTime(WDFunctions.java:150)
	at base.WDFunctions.getSysTime(WDFunctions.java:150)
	at base.WDFunctions.getSysTime(WDFunctions.java:150)
	at base.WDFunctions.getSysTime(WDFunctions.java:150)
	at base.WDFunctions.getSysTime(WDFunctions.java:150)
	at base.WDFunctions.getSysTime(WDFunctions.java:150)
	at base.WDFunctions.getSysTime(WDFunctions.java:150)
	at base.WDFunctions.getSysTime(WDFunctions.java:150)
	at base.WDFunctions.getSysTime(WDFunctions.java:150)
	at base.WDFunctions.getSysTime(WDFunctions.java:150)
	at base.WDFunctions.getSysTime(WDFunctions.java:150)
	at base.WDFunctions.getSysTime(WDFunctions.java:150)
	at base.WDFunctions.getSysTime(WDFunctions.java:150)
	at base.WDFunctions.getSysTime(WDFunctions.java:150)
	at base.WDFunctions.getSysTime(WDFunctions.java:150)
	at base.WDFunctions.getSysTime(WDFunctions.java:150)
	at base.WDFunctions.getSysTime(WDFunctions.java:150)
	at base.WDFunctions.getSysTime(WDFunctions.java:150)
	at base.WDFunctions.getSysTime(WDFunctions.java:150)
	at base.WDFunctions.getSysTime(WDFunctions.java:150)
	at base.WDFunctions.getSysTime(WDFunctions.java:150)
	at base.WDFunctions.getSysTime(WDFunctions.java:150)
	at base.WDFunctions.getSysTime(WDFunctions.java:150)
	at base.WDFunctions.getSysTime(WDFunctions.java:150)
	at base.WDFunctions.getSysTime(WDFunctions.java:150)
	at base.WDFunctions.getSysTime(WDFunctions.java:150)
	at base.WDFunctions.getSysTime(WDFunctions.java:150)
	at base.WDFunctions.getSysTime(WDFunctions.java:150)
	at base.WDFunctions.getSysTime(WDFunctions.java:150)
	at base.WDFunctions.getSysTime(WDFunctions.java:150)
	at base.WDFunctions.getSysTime(WDFunctions.java:150)
	at base.WDFunctions.getSysTime(WDFunctions.java:150)
	at base.WDFunctions.getSysTime(WDFunctions.java:150)
	at base.WDFunctions.getSysTime(WDFunctions.java:150)
	at base.WDFunctions.getSysTime(WDFunctions.java:150)
	at base.WDFunctions.getSysTime(WDFunctions.java:150)
	at base.WDFunctions.getSysTime(WDFunctions.java:150)
	at base.WDFunctions.getSysTime(WDFunctions.java:150)
	at base.WDFunctions.getSysTime(WDFunctions.java:150)
	at base.WDFunctions.getSysTime(WDFunctions.java:150)
	at base.WDFunctions.getSysTime(WDFunctions.java:150)
	at base.WDFunctions.getSysTime(WDFunctions.java:150)
	at base.WDFunctions.getSysTime(WDFunctions.java:150)
	at base.WDFunctions.getSysTime(WDFunctions.java:150)
	at base.WDFunctions.getSysTime(WDFunctions.java:150)
	at base.WDFunctions.getSysTime(WDFunctions.java:150)
	at base.WDFunctions.getSysTime(WDFunctions.java:150)
	at base.WDFunctions.getSysTime(WDFunctions.java:150)
	at base.WDFunctions.getSysTime(WDFunctions.java:150)
	at base.WDFunctions.getSysTime(WDFunctions.java:150)
	at base.WDFunctions.getSysTime(WDFunctions.java:150)
	at base.WDFunctions.getSysTime(WDFunctions.java:150)
	at base.WDFunctions.getSysTime(WDFunctions.java:150)
	at base.WDFunctions.getSysTime(WDFunctions.java:150)
	at base.WDFunctions.getSysTime(WDFunctions.java:150)
	at base.WDFunctions.getSysTime(WDFunctions.java:150)
	at base.WDFunctions.getSysTime(WDFunctions.java:150)
	at base.WDFunctions.getSysTime(WDFunctions.java:150)
	at base.WDFunctions.getSysTime(WDFunctions.java:150)
	at base.WDFunctions.getSysTime(WDFunctions.java:150)
	at base.WDFunctions.getSysTime(WDFunctions.java:150)
	at base.WDFunctions.getSysTime(WDFunctions.java:150)
	at base.WDFunctions.getSysTime(WDFunctions.java:150)
	at base.WDFunctions.getSysTime(WDFunctions.java:150)
	at base.WDFunctions.getSysTime(WDFunctions.java:150)
	at base.WDFunctions.getSysTime(WDFunctions.java:150)
	at base.WDFunctions.getSysTime(WDFunctions.java:150)
	at base.WDFunctions.getSysTime(WDFunctions.java:150)
	at base.WDFunctions.getSysTime(WDFunctions.java:150)
	at base.WDFunctions.getSysTime(WDFunctions.java:150)
	at base.WDFunctions.getSysTime(WDFunctions.java:150)
	at base.WDFunctions.getSysTime(WDFunctions.java:150)
	at base.WDFunctions.getSysTime(WDFunctions.java:150)
	at base.WDFunctions.getSysTime(WDFunctions.java:150)
	at base.WDFunctions.getSysTime(WDFunctions.java:150)
	at base.WDFunctions.getSysTime(WDFunctions.java:150)
	at base.WDFunctions.getSysTime(WDFunctions.java:150)
	at base.WDFunctions.getSysTime(WDFunctions.java:150)
	at base.WDFunctions.getSysTime(WDFunctions.java:150)
	at base.WDFunctions.getSysTime(WDFunctions.java:150)
	at base.WDFunctions.getSysTime(WDFunctions.java:150)
	at base.WDFunctions.getSysTime(WDFunctions.java:150)
	at base.WDFunctions.getSysTime(WDFunctions.java:150)
	at base.WDFunctions.getSysTime(WDFunctions.java:150)
	at base.WDFunctions.getSysTime(WDFunctions.java:150)
	at base.WDFunctions.getSysTime(WDFunctions.java:150)
	at base.WDFunctions.getSysTime(WDFunctions.java:150)
	at base.WDFunctions.getSysTime(WDFunctions.java:150)
	at base.WDFunctions.getSysTime(WDFunctions.java:150)
	at base.WDFunctions.getSysTime(WDFunctions.java:150)
	at base.WDFunctions.getSysTime(WDFunctions.java:150)
	at base.WDFunctions.getSysTime(WDFunctions.java:150)
	at base.WDFunctions.getSysTime(WDFunctions.java:150)
	at base.WDFunctions.getSysTime(WDFunctions.java:150)
	at base.WDFunctions.getSysTime(WDFunctions.java:150)
	at base.WDFunctions.getSysTime(WDFunctions.java:150)
	at base.WDFunctions.getSysTime(WDFunctions.java:150)
	at base.WDFunctions.getSysTime(WDFunctions.java:150)
	at base.WDFunctions.getSysTime(WDFunctions.java:150)
	at base.WDFunctions.getSysTime(WDFunctions.java:150)
	at base.WDFunctions.getSysTime(WDFunctions.java:150)
	at base.WDFunctions.getSysTime(WDFunctions.java:150)
	at base.WDFunctions.getSysTime(WDFunctions.java:150)
	at base.WDFunctions.getSysTime(WDFunctions.java:150)
	at base.WDFunctions.getSysTime(WDFunctions.java:150)
	at base.WDFunctions.getSysTime(WDFunctions.java:150)
	at base.WDFunctions.getSysTime(WDFunctions.java:150)
	at base.WDFunctions.getSysTime(WDFunctions.java:150)
	at base.WDFunctions.getSysTime(WDFunctions.java:150)
	at base.WDFunctions.getSysTime(WDFunctions.java:150)
	at base.WDFunctions.getSysTime(WDFunctions.java:150)
	at base.WDFunctions.getSysTime(WDFunctions.java:150)
	at base.WDFunctions.getSysTime(WDFunctions.java:150)
	at base.WDFunctions.getSysTime(WDFunctions.java:150)
	at base.WDFunctions.getSysTime(WDFunctions.java:150)
	at base.WDFunctions.getSysTime(WDFunctions.java:150)
	at base.WDFunctions.getSysTime(WDFunctions.java:150)
	at base.WDFunctions.getSysTime(WDFunctions.java:150)
	at base.WDFunctions.getSysTime(WDFunctions.java:150)
	at base.WDFunctions.getSysTime(WDFunctions.java:150)
	at base.WDFunctions.getSysTime(WDFunctions.java:150)
	at base.WDFunctions.getSysTime(WDFunctions.java:150)
	at base.WDFunctions.getSysTime(WDFunctions.java:150)
	at base.WDFunctions.getSysTime(WDFunctions.java:150)
	at base.WDFunctions.getSysTime(WDFunctions.java:150)
	at base.WDFunctions.getSysTime(WDFunctions.java:150)
	at base.WDFunctions.getSysTime(WDFunctions.java:150)
	at base.WDFunctions.getSysTime(WDFunctions.java:150)
	at base.WDFunctions.getSysTime(WDFunctions.java:150)
	at base.WDFunctions.getSysTime(WDFunctions.java:150)
	at base.WDFunctions.getSysTime(WDFunctions.java:150)
	at base.WDFunctions.getSysTime(WDFunctions.java:150)
	at base.WDFunctions.getSysTime(WDFunctions.java:150)
	at base.WDFunctions.getSysTime(WDFunctions.java:150)
	at base.WDFunctions.getSysTime(WDFunctions.java:150)
	at base.WDFunctions.getSysTime(WDFunctions.java:150)
	at base.WDFunctions.getSysTime(WDFunctions.java:150)
	at base.WDFunctions.getSysTime(WDFunctions.java:150)
	at base.WDFunctions.getSysTime(WDFunctions.java:150)
	at base.WDFunctions.getSysTime(WDFunctions.java:150)
	at base.WDFunctions.getSysTime(WDFunctions.java:150)
	at base.WDFunctions.getSysTime(WDFunctions.java:150)
	at base.WDFunctions.getSysTime(WDFunctions.java:150)
	at base.WDFunctions.getSysTime(WDFunctions.java:150)
	at base.WDFunctions.getSysTime(WDFunctions.java:150)
	at base.WDFunctions.getSysTime(WDFunctions.java:150)
	at base.WDFunctions.getSysTime(WDFunctions.java:150)
	at base.WDFunctions.getSysTime(WDFunctions.java:150)
	at base.WDFunctions.getSysTime(WDFunctions.java:150)
	at base.WDFunctions.getSysTime(WDFunctions.java:150)
	at base.WDFunctions.getSysTime(WDFunctions.java:150)
	at base.WDFunctions.getSysTime(WDFunctions.java:150)
	at base.WDFunctions.getSysTime(WDFunctions.java:150)
	at base.WDFunctions.getSysTime(WDFunctions.java:150)
	at base.WDFunctions.getSysTime(WDFunctions.java:150)
	at base.WDFunctions.getSysTime(WDFunctions.java:150)
	at base.WDFunctions.getSysTime(WDFunctions.java:150)
	at base.WDFunctions.getSysTime(WDFunctions.java:150)
	at base.WDFunctions.getSysTime(WDFunctions.java:150)
	at base.WDFunctions.getSysTime(WDFunctions.java:150)
	at base.WDFunctions.getSysTime(WDFunctions.java:150)
	at base.WDFunctions.getSysTime(WDFunctions.java:150)
	at base.WDFunctions.getSysTime(WDFunctions.java:150)
	at base.WDFunctions.getSysTime(WDFunctions.java:150)
	at base.WDFunctions.getSysTime(WDFunctions.java:150)
	at base.WDFunctions.getSysTime(WDFunctions.java:150)
	at base.WDFunctions.getSysTime(WDFunctions.java:150)
	at base.WDFunctions.getSysTime(WDFunctions.java:150)
	at base.WDFunctions.getSysTime(WDFunctions.java:150)
	at base.WDFunctions.getSysTime(WDFunctions.java:150)
	at base.WDFunctions.getSysTime(WDFunctions.java:150)
	at base.WDFunctions.getSysTime(WDFunctions.java:150)
	at base.WDFunctions.getSysTime(WDFunctions.java:150)
	at base.WDFunctions.getSysTime(WDFunctions.java:150)
	at base.WDFunctions.getSysTime(WDFunctions.java:150)
	at base.WDFunctions.getSysTime(WDFunctions.java:150)
	at base.WDFunctions.getSysTime(WDFunctions.java:150)
	at base.WDFunctions.getSysTime(WDFunctions.java:150)
	at base.WDFunctions.getSysTime(WDFunctions.java:150)
	at base.WDFunctions.getSysTime(WDFunctions.java:150)
	at base.WDFunctions.getSysTime(WDFunctions.java:150)
	at base.WDFunctions.getSysTime(WDFunctions.java:150)
	at base.WDFunctions.getSysTime(WDFunctions.java:150)
	at base.WDFunctions.getSysTime(WDFunctions.java:150)
	at base.WDFunctions.getSysTime(WDFunctions.java:150)
	at base.WDFunctions.getSysTime(WDFunctions.java:150)
	at base.WDFunctions.getSysTime(WDFunctions.java:150)
	at base.WDFunctions.getSysTime(WDFunctions.java:150)
	at base.WDFunctions.getSysTime(WDFunctions.java:150)
	at base.WDFunctions.getSysTime(WDFunctions.java:150)
	at base.WDFunctions.getSysTime(WDFunctions.java:150)
	at base.WDFunctions.getSysTime(WDFunctions.java:150)
	at base.WDFunctions.getSysTime(WDFunctions.java:150)
	at base.WDFunctions.getSysTime(WDFunctions.java:150)
	at base.WDFunctions.getSysTime(WDFunctions.java:150)
	at base.WDFunctions.getSysTime(WDFunctions.java:150)
	at base.WDFunctions.getSysTime(WDFunctions.java:150)
	at base.WDFunctions.getSysTime(WDFunctions.java:150)
	at base.WDFunctions.getSysTime(WDFunctions.java:150)
	at base.WDFunctions.getSysTime(WDFunctions.java:150)
	at base.WDFunctions.getSysTime(WDFunctions.java:150)
	at base.WDFunctions.getSysTime(WDFunctions.java:150)
	at base.WDFunctions.getSysTime(WDFunctions.java:150)
	at base.WDFunctions.getSysTime(WDFunctions.java:150)
	at base.WDFunctions.getSysTime(WDFunctions.java:150)
	at base.WDFunctions.getSysTime(WDFunctions.java:150)
	at base.WDFunctions.getSysTime(WDFunctions.java:150)
	at base.WDFunctions.getSysTime(WDFunctions.java:150)
	at base.WDFunctions.getSysTime(WDFunctions.java:150)
	at base.WDFunctions.getSysTime(WDFunctions.java:150)
	at base.WDFunctions.getSysTime(WDFunctions.java:150)
	at base.WDFunctions.getSysTime(WDFunctions.java:150)
	at base.WDFunctions.getSysTime(WDFunctions.java:150)
	at base.WDFunctions.getSysTime(WDFunctions.java:150)
	at base.WDFunctions.getSysTime(WDFunctions.java:150)
	at base.WDFunctions.getSysTime(WDFunctions.java:150)
	at base.WDFunctions.getSysTime(WDFunctions.java:150)
	at base.WDFunctions.getSysTime(WDFunctions.java:150)
	at base.WDFunctions.getSysTime(WDFunctions.java:150)
	at base.WDFunctions.getSysTime(WDFunctions.java:150)
	at base.WDFunctions.getSysTime(WDFunctions.java:150)
	at base.WDFunctions.getSysTime(WDFunctions.java:150)
	at base.WDFunctions.getSysTime(WDFunctions.java:150)
	at base.WDFunctions.getSysTime(WDFunctions.java:150)
	at base.WDFunctions.getSysTime(WDFunctions.java:150)
	at base.WDFunctions.getSysTime(WDFunctions.java:150)
	at base.WDFunctions.getSysTime(WDFunctions.java:150)
	at base.WDFunctions.getSysTime(WDFunctions.java:150)
	at base.WDFunctions.getSysTime(WDFunctions.java:150)
	at base.WDFunctions.getSysTime(WDFunctions.java:150)
	at base.WDFunctions.getSysTime(WDFunctions.java:150)
	at base.WDFunctions.getSysTime(WDFunctions.java:150)
	at base.WDFunctions.getSysTime(WDFunctions.java:150)
	at base.WDFunctions.getSysTime(WDFunctions.java:150)
	at base.WDFunctions.getSysTime(WDFunctions.java:150)
	at base.WDFunctions.getSysTime(WDFunctions.java:150)
	at base.WDFunctions.getSysTime(WDFunctions.java:150)
	at base.WDFunctions.getSysTime(WDFunctions.java:150)
	at base.WDFunctions.getSysTime(WDFunctions.java:150)
	at base.WDFunctions.getSysTime(WDFunctions.java:150)
	at base.WDFunctions.getSysTime(WDFunctions.java:150)
	at base.WDFunctions.getSysTime(WDFunctions.java:150)
	at base.WDFunctions.getSysTime(WDFunctions.java:150)
	at base.WDFunctions.getSysTime(WDFunctions.java:150)
	at base.WDFunctions.getSysTime(WDFunctions.java:150)
	at base.WDFunctions.getSysTime(WDFunctions.java:150)
	at base.WDFunctions.getSysTime(WDFunctions.java:150)
	at base.WDFunctions.getSysTime(WDFunctions.java:150)
	at base.WDFunctions.getSysTime(WDFunctions.java:150)
	at base.WDFunctions.getSysTime(WDFunctions.java:150)
	at base.WDFunctions.getSysTime(WDFunctions.java:150)
	at base.WDFunctions.getSysTime(WDFunctions.java:150)
	at base.WDFunctions.getSysTime(WDFunctions.java:150)
	at base.WDFunctions.getSysTime(WDFunctions.java:150)
	at base.WDFunctions.getSysTime(WDFunctions.java:150)
	at base.WDFunctions.getSysTime(WDFunctions.java:150)
	at base.WDFunctions.getSysTime(WDFunctions.java:150)
	at base.WDFunctions.getSysTime(WDFunctions.java:150)
	at base.WDFunctions.getSysTime(WDFunctions.java:150)
	at base.WDFunctions.getSysTime(WDFunctions.java:150)
	at base.WDFunctions.getSysTime(WDFunctions.java:150)
	at base.WDFunctions.getSysTime(WDFunctions.java:150)
	at base.WDFunctions.getSysTime(WDFunctions.java:150)
	at base.WDFunctions.getSysTime(WDFunctions.java:150)
	at base.WDFunctions.getSysTime(WDFunctions.java:150)
	at base.WDFunctions.getSysTime(WDFunctions.java:150)
	at base.WDFunctions.getSysTime(WDFunctions.java:150)
	at base.WDFunctions.getSysTime(WDFunctions.java:150)
	at base.WDFunctions.getSysTime(WDFunctions.java:150)
	at base.WDFunctions.getSysTime(WDFunctions.java:150)
	at base.WDFunctions.getSysTime(WDFunctions.java:150)
	at base.WDFunctions.getSysTime(WDFunctions.java:150)
	at base.WDFunctions.getSysTime(WDFunctions.java:150)
	at base.WDFunctions.getSysTime(WDFunctions.java:150)
	at base.WDFunctions.getSysTime(WDFunctions.java:150)
	at base.WDFunctions.getSysTime(WDFunctions.java:150)
	at base.WDFunctions.getSysTime(WDFunctions.java:150)
	at base.WDFunctions.getSysTime(WDFunctions.java:150)
	at base.WDFunctions.getSysTime(WDFunctions.java:150)
	at base.WDFunctions.getSysTime(WDFunctions.java:150)
	at base.WDFunctions.getSysTime(WDFunctions.java:150)
	at base.WDFunctions.getSysTime(WDFunctions.java:150)
	at base.WDFunctions.getSysTime(WDFunctions.java:150)
	at base.WDFunctions.getSysTime(WDFunctions.java:150)
	at base.WDFunctions.getSysTime(WDFunctions.java:150)
	at base.WDFunctions.getSysTime(WDFunctions.java:150)
	at base.WDFunctions.getSysTime(WDFunctions.java:150)
	at base.WDFunctions.getSysTime(WDFunctions.java:150)
	at base.WDFunctions.getSysTime(WDFunctions.java:150)
	at base.WDFunctions.getSysTime(WDFunctions.java:150)
	at base.WDFunctions.getSysTime(WDFunctions.java:150)
	at base.WDFunctions.getSysTime(WDFunctions.java:150)
	at base.WDFunctions.getSysTime(WDFunctions.java:150)
	at base.WDFunctions.getSysTime(WDFunctions.java:150)
	at base.WDFunctions.getSysTime(WDFunctions.java:150)
	at base.WDFunctions.getSysTime(WDFunctions.java:150)
	at base.WDFunctions.getSysTime(WDFunctions.java:150)
	at base.WDFunctions.getSysTime(WDFunctions.java:150)
	at base.WDFunctions.getSysTime(WDFunctions.java:150)
	at base.WDFunctions.getSysTime(WDFunctions.java:150)
	at base.WDFunctions.getSysTime(WDFunctions.java:150)
	at base.WDFunctions.getSysTime(WDFunctions.java:150)
	at base.WDFunctions.getSysTime(WDFunctions.java:150)
	at base.WDFunctions.getSysTime(WDFunctions.java:150)
	at base.WDFunctions.getSysTime(WDFunctions.java:150)
	at base.WDFunctions.getSysTime(WDFunctions.java:150)
	at base.WDFunctions.getSysTime(WDFunctions.java:150)
	at base.WDFunctions.getSysTime(WDFunctions.java:150)
	at base.WDFunctions.getSysTime(WDFunctions.java:150)
	at base.WDFunctions.getSysTime(WDFunctions.java:150)
	at base.WDFunctions.getSysTime(WDFunctions.java:150)
	at base.WDFunctions.getSysTime(WDFunctions.java:150)
	at base.WDFunctions.getSysTime(WDFunctions.java:150)
	at base.WDFunctions.getSysTime(WDFunctions.java:150)
	at base.WDFunctions.getSysTime(WDFunctions.java:150)
	at base.WDFunctions.getSysTime(WDFunctions.java:150)
	at base.WDFunctions.getSysTime(WDFunctions.java:150)
	at base.WDFunctions.getSysTime(WDFunctions.java:150)
	at base.WDFunctions.getSysTime(WDFunctions.java:150)
	at base.WDFunctions.getSysTime(WDFunctions.java:150)
	at base.WDFunctions.getSysTime(WDFunctions.java:150)
	at base.WDFunctions.getSysTime(WDFunctions.java:150)
	at base.WDFunctions.getSysTime(WDFunctions.java:150)
	at base.WDFunctions.getSysTime(WDFunctions.java:150)
	at base.WDFunctions.getSysTime(WDFunctions.java:150)
	at base.WDFunctions.getSysTime(WDFunctions.java:150)
	at base.WDFunctions.getSysTime(WDFunctions.java:150)
	at base.WDFunctions.getSysTime(WDFunctions.java:150)
	at base.WDFunctions.getSysTime(WDFunctions.java:150)
	at base.WDFunctions.getSysTime(WDFunctions.java:150)
	at base.WDFunctions.getSysTime(WDFunctions.java:150)
	at base.WDFunctions.getSysTime(WDFunctions.java:150)
	at base.WDFunctions.getSysTime(WDFunctions.java:150)
	at base.WDFunctions.getSysTime(WDFunctions.java:150)
	at base.WDFunctions.getSysTime(WDFunctions.java:150)
	at base.WDFunctions.getSysTime(WDFunctions.java:150)
	at base.WDFunctions.getSysTime(WDFunctions.java:150)
	at base.WDFunctions.getSysTime(WDFunctions.java:150)
	at base.WDFunctions.getSysTime(WDFunctions.java:150)
	at base.WDFunctions.getSysTime(WDFunctions.java:150)
	at base.WDFunctions.getSysTime(WDFunctions.java:150)
	at base.WDFunctions.getSysTime(WDFunctions.java:150)
	at base.WDFunctions.getSysTime(WDFunctions.java:150)
	at base.WDFunctions.getSysTime(WDFunctions.java:150)
	at base.WDFunctions.getSysTime(WDFunctions.java:150)
	at base.WDFunctions.getSysTime(WDFunctions.java:150)
	at base.WDFunctions.getSysTime(WDFunctions.java:150)
	at base.WDFunctions.getSysTime(WDFunctions.java:150)
	at base.WDFunctions.getSysTime(WDFunctions.java:150)
	at base.WDFunctions.getSysTime(WDFunctions.java:150)
	at base.WDFunctions.getSysTime(WDFunctions.java:150)
	at base.WDFunctions.getSysTime(WDFunctions.java:150)
	at base.WDFunctions.getSysTime(WDFunctions.java:150)
	at base.WDFunctions.getSysTime(WDFunctions.java:150)
	at base.WDFunctions.getSysTime(WDFunctions.java:150)
	at base.WDFunctions.getSysTime(WDFunctions.java:150)
	at base.WDFunctions.getSysTime(WDFunctions.java:150)
	at base.WDFunctions.getSysTime(WDFunctions.java:150)
	at base.WDFunctions.getSysTime(WDFunctions.java:150)
	at base.WDFunctions.getSysTime(WDFunctions.java:150)
	at base.WDFunctions.getSysTime(WDFunctions.java:150)
	at base.WDFunctions.getSysTime(WDFunctions.java:150)
	at base.WDFunctions.getSysTime(WDFunctions.java:150)
	at base.WDFunctions.getSysTime(WDFunctions.java:150)
	at base.WDFunctions.getSysTime(WDFunctions.java:150)
	at base.WDFunctions.getSysTime(WDFunctions.java:150)
	at base.WDFunctions.getSysTime(WDFunctions.java:150)
	at base.WDFunctions.getSysTime(WDFunctions.java:150)
	at base.WDFunctions.getSysTime(WDFunctions.java:150)
	at base.WDFunctions.getSysTime(WDFunctions.java:150)
	at base.WDFunctions.getSysTime(WDFunctions.java:150)
	at base.WDFunctions.getSysTime(WDFunctions.java:150)
	at base.WDFunctions.getSysTime(WDFunctions.java:150)
	at base.WDFunctions.getSysTime(WDFunctions.java:150)
	at base.WDFunctions.getSysTime(WDFunctions.java:150)
	at base.WDFunctions.getSysTime(WDFunctions.java:150)
	at base.WDFunctions.getSysTime(WDFunctions.java:150)
	at base.WDFunctions.getSysTime(WDFunctions.java:150)
	at base.WDFunctions.getSysTime(WDFunctions.java:150)
	at base.WDFunctions.getSysTime(WDFunctions.java:150)
	at base.WDFunctions.getSysTime(WDFunctions.java:150)
	at base.WDFunctions.getSysTime(WDFunctions.java:150)
	at base.WDFunctions.getSysTime(WDFunctions.java:150)
	at base.WDFunctions.getSysTime(WDFunctions.java:150)
	at base.WDFunctions.getSysTime(WDFunctions.java:150)
	at base.WDFunctions.getSysTime(WDFunctions.java:150)
	at base.WDFunctions.getSysTime(WDFunctions.java:150)
	at base.WDFunctions.getSysTime(WDFunctions.java:150)
	at base.WDFunctions.getSysTime(WDFunctions.java:150)
	at base.WDFunctions.getSysTime(WDFunctions.java:150)
	at base.WDFunctions.getSysTime(WDFunctions.java:150)
	at base.WDFunctions.getSysTime(WDFunctions.java:150)
	at base.WDFunctions.getSysTime(WDFunctions.java:150)
	at base.WDFunctions.getSysTime(WDFunctions.java:150)
	at base.WDFunctions.getSysTime(WDFunctions.java:150)
	at base.WDFunctions.getSysTime(WDFunctions.java:150)
	at base.WDFunctions.getSysTime(WDFunctions.java:150)
	at base.WDFunctions.getSysTime(WDFunctions.java:150)
	at base.WDFunctions.getSysTime(WDFunctions.java:150)
	at base.WDFunctions.getSysTime(WDFunctions.java:150)
	at base.WDFunctions.getSysTime(WDFunctions.java:150)
	at base.WDFunctions.getSysTime(WDFunctions.java:150)
	at base.WDFunctions.getSysTime(WDFunctions.java:150)
	at base.WDFunctions.getSysTime(WDFunctions.java:150)
	at base.WDFunctions.getSysTime(WDFunctions.java:150)
	at base.WDFunctions.getSysTime(WDFunctions.java:150)
	at base.WDFunctions.getSysTime(WDFunctions.java:150)
	at base.WDFunctions.getSysTime(WDFunctions.java:150)
	at base.WDFunctions.getSysTime(WDFunctions.java:150)
	at base.WDFunctions.getSysTime(WDFunctions.java:150)
	at base.WDFunctions.getSysTime(WDFunctions.java:150)
	at base.WDFunctions.getSysTime(WDFunctions.java:150)
	at base.WDFunctions.getSysTime(WDFunctions.java:150)
	at base.WDFunctions.getSysTime(WDFunctions.java:150)
	at base.WDFunctions.getSysTime(WDFunctions.java:150)
	at base.WDFunctions.getSysTime(WDFunctions.java:150)
	at base.WDFunctions.getSysTime(WDFunctions.java:150)
	at base.WDFunctions.getSysTime(WDFunctions.java:150)
	at base.WDFunctions.getSysTime(WDFunctions.java:150)
	at base.WDFunctions.getSysTime(WDFunctions.java:150)
	at base.WDFunctions.getSysTime(WDFunctions.java:150)
	at base.WDFunctions.getSysTime(WDFunctions.java:150)
	at base.WDFunctions.getSysTime(WDFunctions.java:150)
	at base.WDFunctions.getSysTime(WDFunctions.java:150)
	at base.WDFunctions.getSysTime(WDFunctions.java:150)
	at base.WDFunctions.getSysTime(WDFunctions.java:150)
	at base.WDFunctions.getSysTime(WDFunctions.java:150)
	at base.WDFunctions.getSysTime(WDFunctions.java:150)
	at base.WDFunctions.getSysTime(WDFunctions.java:150)
	at base.WDFunctions.getSysTime(WDFunctions.java:150)
	at base.WDFunctions.getSysTime(WDFunctions.java:150)
	at base.WDFunctions.getSysTime(WDFunctions.java:150)
	at base.WDFunctions.getSysTime(WDFunctions.java:150)
	at base.WDFunctions.getSysTime(WDFunctions.java:150)
	at base.WDFunctions.getSysTime(WDFunctions.java:150)
	at base.WDFunctions.getSysTime(WDFunctions.java:150)
	at base.WDFunctions.getSysTime(WDFunctions.java:150)
	at base.WDFunctions.getSysTime(WDFunctions.java:150)
	at base.WDFunctions.getSysTime(WDFunctions.java:150)
	at base.WDFunctions.getSysTime(WDFunctions.java:150)
	at base.WDFunctions.getSysTime(WDFunctions.java:150)
	at base.WDFunctions.getSysTime(WDFunctions.java:150)
	at base.WDFunctions.getSysTime(WDFunctions.java:150)
	at base.WDFunctions.getSysTime(WDFunctions.java:150)
	at base.WDFunctions.getSysTime(WDFunctions.java:150)
	at base.WDFunctions.getSysTime(WDFunctions.java:150)
	at base.WDFunctions.getSysTime(WDFunctions.java:150)
	at base.WDFunctions.getSysTime(WDFunctions.java:150)
	at base.WDFunctions.getSysTime(WDFunctions.java:150)
	at base.WDFunctions.getSysTime(WDFunctions.java:150)
	at base.WDFunctions.getSysTime(WDFunctions.java:150)
	at base.WDFunctions.getSysTime(WDFunctions.java:150)
	at base.WDFunctions.getSysTime(WDFunctions.java:150)
	at base.WDFunctions.getSysTime(WDFunctions.java:150)
	at base.WDFunctions.getSysTime(WDFunctions.java:150)
	at base.WDFunctions.getSysTime(WDFunctions.java:150)
	at base.WDFunctions.getSysTime(WDFunctions.java:150)
	at base.WDFunctions.getSysTime(WDFunctions.java:150)
	at base.WDFunctions.getSysTime(WDFunctions.java:150)
	at base.WDFunctions.getSysTime(WDFunctions.java:150)
	at base.WDFunctions.getSysTime(WDFunctions.java:150)
	at base.WDFunctions.getSysTime(WDFunctions.java:150)
	at base.WDFunctions.getSysTime(WDFunctions.java:150)
	at base.WDFunctions.getSysTime(WDFunctions.java:150)
	at base.WDFunctions.getSysTime(WDFunctions.java:150)
	at base.WDFunctions.getSysTime(WDFunctions.java:150)
	at base.WDFunctions.getSysTime(WDFunctions.java:150)
	at base.WDFunctions.getSysTime(WDFunctions.java:150)
	at base.WDFunctions.getSysTime(WDFunctions.java:150)
	at base.WDFunctions.getSysTime(WDFunctions.java:150)
	at base.WDFunctions.getSysTime(WDFunctions.java:150)
	at base.WDFunctions.getSysTime(WDFunctions.java:150)
	at base.WDFunctions.getSysTime(WDFunctions.java:150)
	at base.WDFunctions.getSysTime(WDFunctions.java:150)
	at base.WDFunctions.getSysTime(WDFunctions.java:150)
	at base.WDFunctions.getSysTime(WDFunctions.java:150)
	at base.WDFunctions.getSysTime(WDFunctions.java:150)
	at base.WDFunctions.getSysTime(WDFunctions.java:150)
	at base.WDFunctions.getSysTime(WDFunctions.java:150)
	at base.WDFunctions.getSysTime(WDFunctions.java:150)
	at base.WDFunctions.getSysTime(WDFunctions.java:150)
	at base.WDFunctions.getSysTime(WDFunctions.java:150)
	at base.WDFunctions.getSysTime(WDFunctions.java:150)
	at base.WDFunctions.getSysTime(WDFunctions.java:150)
	at base.WDFunctions.getSysTime(WDFunctions.java:150)
	at base.WDFunctions.getSysTime(WDFunctions.java:150)
	at base.WDFunctions.getSysTime(WDFunctions.java:150)
	at base.WDFunctions.getSysTime(WDFunctions.java:150)
	at base.WDFunctions.getSysTime(WDFunctions.java:150)
	at base.WDFunctions.getSysTime(WDFunctions.java:150)
	at base.WDFunctions.getSysTime(WDFunctions.java:150)
	at base.WDFunctions.getSysTime(WDFunctions.java:150)
	at base.WDFunctions.getSysTime(WDFunctions.java:150)
	at base.WDFunctions.getSysTime(WDFunctions.java:150)
	at base.WDFunctions.getSysTime(WDFunctions.java:150)
	at base.WDFunctions.getSysTime(WDFunctions.java:150)
	at base.WDFunctions.getSysTime(WDFunctions.java:150)
	at base.WDFunctions.getSysTime(WDFunctions.java:150)
	at base.WDFunctions.getSysTime(WDFunctions.java:150)
	at base.WDFunctions.getSysTime(WDFunctions.java:150)
	at base.WDFunctions.getSysTime(WDFunctions.java:150)
	at base.WDFunctions.getSysTime(WDFunctions.java:150)
	at base.WDFunctions.getSysTime(WDFunctions.java:150)
	at base.WDFunctions.getSysTime(WDFunctions.java:150)
	at base.WDFunctions.getSysTime(WDFunctions.java:150)
	at base.WDFunctions.getSysTime(WDFunctions.java:150)
	at base.WDFunctions.getSysTime(WDFunctions.java:150)
	at base.WDFunctions.getSysTime(WDFunctions.java:150)
	at base.WDFunctions.getSysTime(WDFunctions.java:150)
	at base.WDFunctions.getSysTime(WDFunctions.java:150)
	at base.WDFunctions.getSysTime(WDFunctions.java:150)
	at base.WDFunctions.getSysTime(WDFunctions.java:150)
	at base.WDFunctions.getSysTime(WDFunctions.java:150)
	at base.WDFunctions.getSysTime(WDFunctions.java:150)
	at base.WDFunctions.getSysTime(WDFunctions.java:150)
	at base.WDFunctions.getSysTime(WDFunctions.java:150)
	at base.WDFunctions.getSysTime(WDFunctions.java:150)
	at base.WDFunctions.getSysTime(WDFunctions.java:150)
	at base.WDFunctions.getSysTime(WDFunctions.java:150)
	at base.WDFunctions.getSysTime(WDFunctions.java:150)
	at base.WDFunctions.getSysTime(WDFunctions.java:150)
	at base.WDFunctions.getSysTime(WDFunctions.java:150)
	at base.WDFunctions.getSysTime(WDFunctions.java:150)
	at base.WDFunctions.getSysTime(WDFunctions.java:150)
	at base.WDFunctions.getSysTime(WDFunctions.java:150)
	at base.WDFunctions.getSysTime(WDFunctions.java:150)
	at base.WDFunctions.getSysTime(WDFunctions.java:150)
	at base.WDFunctions.getSysTime(WDFunctions.java:150)
	at base.WDFunctions.getSysTime(WDFunctions.java:150)
	at base.WDFunctions.getSysTime(WDFunctions.java:150)
	at base.WDFunctions.getSysTime(WDFunctions.java:150)
	at base.WDFunctions.getSysTime(WDFunctions.java:150)
	at base.WDFunctions.getSysTime(WDFunctions.java:150)
	at base.WDFunctions.getSysTime(WDFunctions.java:150)
	at base.WDFunctions.getSysTime(WDFunctions.java:150)
	at base.WDFunctions.getSysTime(WDFunctions.java:150)
	at base.WDFunctions.getSysTime(WDFunctions.java:150)
	at base.WDFunctions.getSysTime(WDFunctions.java:150)
	at base.WDFunctions.getSysTime(WDFunctions.java:150)
	at base.WDFunctions.getSysTime(WDFunctions.java:150)
	at base.WDFunctions.getSysTime(WDFunctions.java:150)
	at base.WDFunctions.getSysTime(WDFunctions.java:150)
	at base.WDFunctions.getSysTime(WDFunctions.java:150)
	at base.WDFunctions.getSysTime(WDFunctions.java:150)
	at base.WDFunctions.getSysTime(WDFunctions.java:150)
	at base.WDFunctions.getSysTime(WDFunctions.java:150)
	at base.WDFunctions.getSysTime(WDFunctions.java:150)
	at base.WDFunctions.getSysTime(WDFunctions.java:150)
	at base.WDFunctions.getSysTime(WDFunctions.java:150)
	at base.WDFunctions.getSysTime(WDFunctions.java:150)
	at base.WDFunctions.getSysTime(WDFunctions.java:150)
	at base.WDFunctions.getSysTime(WDFunctions.java:150)
	at base.WDFunctions.getSysTime(WDFunctions.java:150)
	at base.WDFunctions.getSysTime(WDFunctions.java:150)
	at base.WDFunctions.getSysTime(WDFunctions.java:150)
	at base.WDFunctions.getSysTime(WDFunctions.java:150)
	at base.WDFunctions.getSysTime(WDFunctions.java:150)
	at base.WDFunctions.getSysTime(WDFunctions.java:150)
	at base.WDFunctions.getSysTime(WDFunctions.java:150)
	at base.WDFunctions.getSysTime(WDFunctions.java:150)
	at base.WDFunctions.getSysTime(WDFunctions.java:150)
	at base.WDFunctions.getSysTime(WDFunctions.java:150)
	at base.WDFunctions.getSysTime(WDFunctions.java:150)
	at base.WDFunctions.getSysTime(WDFunctions.java:150)
	at base.WDFunctions.getSysTime(WDFunctions.java:150)
	at base.WDFunctions.getSysTime(WDFunctions.java:150)
	at base.WDFunctions.getSysTime(WDFunctions.java:150)
	at base.WDFunctions.getSysTime(WDFunctions.java:150)
	at base.WDFunctions.getSysTime(WDFunctions.java:150)
	at base.WDFunctions.getSysTime(WDFunctions.java:150)
	at base.WDFunctions.getSysTime(WDFunctions.java:150)
	at base.WDFunctions.getSysTime(WDFunctions.java:150)
	at base.WDFunctions.getSysTime(WDFunctions.java:150)
	at base.WDFunctions.getSysTime(WDFunctions.java:150)
	at base.WDFunctions.getSysTime(WDFunctions.java:150)
	at base.WDFunctions.getSysTime(WDFunctions.java:150)
	at base.WDFunctions.getSysTime(WDFunctions.java:150)
	at base.WDFunctions.getSysTime(WDFunctions.java:150)
	at base.WDFunctions.getSysTime(WDFunctions.java:150)
	at base.WDFunctions.getSysTime(WDFunctions.java:150)
	at base.WDFunctions.getSysTime(WDFunctions.java:150)
	at base.WDFunctions.getSysTime(WDFunctions.java:150)
	at base.WDFunctions.getSysTime(WDFunctions.java:150)
	at base.WDFunctions.getSysTime(WDFunctions.java:150)
	at base.WDFunctions.getSysTime(WDFunctions.java:150)
	at base.WDFunctions.getSysTime(WDFunctions.java:150)
	at base.WDFunctions.getSysTime(WDFunctions.java:150)
	at base.WDFunctions.getSysTime(WDFunctions.java:150)
	at base.WDFunctions.getSysTime(WDFunctions.java:150)
	at base.WDFunctions.getSysTime(WDFunctions.java:150)
	at base.WDFunctions.getSysTime(WDFunctions.java:150)
	at base.WDFunctions.getSysTime(WDFunctions.java:150)
	at base.WDFunctions.getSysTime(WDFunctions.java:150)
	at base.WDFunctions.getSysTime(WDFunctions.java:150)
	at base.WDFunctions.getSysTime(WDFunctions.java:150)
	at base.WDFunctions.getSysTime(WDFunctions.java:150)
	at base.WDFunctions.getSysTime(WDFunctions.java:150)
	at base.WDFunctions.getSysTime(WDFunctions.java:150)
	at base.WDFunctions.getSysTime(WDFunctions.java:150)
	at base.WDFunctions.getSysTime(WDFunctions.java:150)
	at base.WDFunctions.getSysTime(WDFunctions.java:150)
	at base.WDFunctions.getSysTime(WDFunctions.java:150)
	at base.WDFunctions.getSysTime(WDFunctions.java:150)
	at base.WDFunctions.getSysTime(WDFunctions.java:150)
	at base.WDFunctions.getSysTime(WDFunctions.java:150)
	at base.WDFunctions.getSysTime(WDFunctions.java:150)
	at base.WDFunctions.getSysTime(WDFunctions.java:150)
	at base.WDFunctions.getSysTime(WDFunctions.java:150)
	at base.WDFunctions.getSysTime(WDFunctions.java:150)
	at base.WDFunctions.getSysTime(WDFunctions.java:150)
	at base.WDFunctions.getSysTime(WDFunctions.java:150)
	at base.WDFunctions.getSysTime(WDFunctions.java:150)
	at base.WDFunctions.getSysTime(WDFunctions.java:150)
	at base.WDFunctions.getSysTime(WDFunctions.java:150)
	at base.WDFunctions.getSysTime(WDFunctions.java:150)
	at base.WDFunctions.getSysTime(WDFunctions.java:150)
	at base.WDFunctions.getSysTime(WDFunctions.java:150)
	at base.WDFunctions.getSysTime(WDFunctions.java:150)
	at base.WDFunctions.getSysTime(WDFunctions.java:150)
	at base.WDFunctions.getSysTime(WDFunctions.java:150)
	at base.WDFunctions.getSysTime(WDFunctions.java:150)
	at base.WDFunctions.getSysTime(WDFunctions.java:150)
	at base.WDFunctions.getSysTime(WDFunctions.java:150)
	at base.WDFunctions.getSysTime(WDFunctions.java:150)
	at base.WDFunctions.getSysTime(WDFunctions.java:150)
	at base.WDFunctions.getSysTime(WDFunctions.java:150)
	at base.WDFunctions.getSysTime(WDFunctions.java:150)
	at base.WDFunctions.getSysTime(WDFunctions.java:150)
	at base.WDFunctions.getSysTime(WDFunctions.java:150)
	at base.WDFunctions.getSysTime(WDFunctions.java:150)
	at base.WDFunctions.getSysTime(WDFunctions.java:150)
	at base.WDFunctions.getSysTime(WDFunctions.java:150)
	at base.WDFunctions.getSysTime(WDFunctions.java:150)
	at base.WDFunctions.getSysTime(WDFunctions.java:150)
	at base.WDFunctions.getSysTime(WDFunctions.java:150)
	at base.WDFunctions.getSysTime(WDFunctions.java:150)
	at base.WDFunctions.getSysTime(WDFunctions.java:150)
	at base.WDFunctions.getSysTime(WDFunctions.java:150)
	at base.WDFunctions.getSysTime(WDFunctions.java:150)
	at base.WDFunctions.getSysTime(WDFunctions.java:150)
	at base.WDFunctions.getSysTime(WDFunctions.java:150)
	at base.WDFunctions.getSysTime(WDFunctions.java:150)
	at base.WDFunctions.getSysTime(WDFunctions.java:150)
	at base.WDFunctions.getSysTime(WDFunctions.java:150)
	at base.WDFunctions.getSysTime(WDFunctions.java:150)
	at base.WDFunctions.getSysTime(WDFunctions.java:150)
	at base.WDFunctions.getSysTime(WDFunctions.java:150)
	at base.WDFunctions.getSysTime(WDFunctions.java:150)
	at base.WDFunctions.getSysTime(WDFunctions.java:150)
	at base.WDFunctions.getSysTime(WDFunctions.java:150)
	at base.WDFunctions.getSysTime(WDFunctions.java:150)
	at base.WDFunctions.getSysTime(WDFunctions.java:150)
	at base.WDFunctions.getSysTime(WDFunctions.java:150)
	at base.WDFunctions.getSysTime(WDFunctions.java:150)
	at base.WDFunctions.getSysTime(WDFunctions.java:150)
	at base.WDFunctions.getSysTime(WDFunctions.java:150)
	at base.WDFunctions.getSysTime(WDFunctions.java:150)
	at base.WDFunctions.getSysTime(WDFunctions.java:150)
	at base.WDFunctions.getSysTime(WDFunctions.java:150)
	at base.WDFunctions.getSysTime(WDFunctions.java:150)
	at base.WDFunctions.getSysTime(WDFunctions.java:150)
	at base.WDFunctions.getSysTime(WDFunctions.java:150)
	at base.WDFunctions.getSysTime(WDFunctions.java:150)
	at base.WDFunctions.getSysTime(WDFunctions.java:150)
	at base.WDFunctions.getSysTime(WDFunctions.java:150)
	at base.WDFunctions.getSysTime(WDFunctions.java:150)
	at base.WDFunctions.getSysTime(WDFunctions.java:150)
	at base.WDFunctions.getSysTime(WDFunctions.java:150)
	at base.WDFunctions.getSysTime(WDFunctions.java:150)
	at base.WDFunctions.getSysTime(WDFunctions.java:150)
	at base.WDFunctions.getSysTime(WDFunctions.java:150)
	at base.WDFunctions.getSysTime(WDFunctions.java:150)
	at base.WDFunctions.getSysTime(WDFunctions.java:150)
	at base.WDFunctions.getSysTime(WDFunctions.java:150)
	at base.WDFunctions.getSysTime(WDFunctions.java:150)
	at base.WDFunctions.getSysTime(WDFunctions.java:150)
	at base.WDFunctions.getSysTime(WDFunctions.java:150)
	at base.WDFunctions.getSysTime(WDFunctions.java:150)
	at base.WDFunctions.getSysTime(WDFunctions.java:150)
	at base.WDFunctions.getSysTime(WDFunctions.java:150)
	at base.WDFunctions.getSysTime(WDFunctions.java:150)
	at base.WDFunctions.getSysTime(WDFunctions.java:150)
	at base.WDFunctions.getSysTime(WDFunctions.java:150)
	at base.WDFunctions.getSysTime(WDFunctions.java:150)
	at base.WDFunctions.getSysTime(WDFunctions.java:150)
	at base.WDFunctions.getSysTime(WDFunctions.java:150)
	at base.WDFunctions.getSysTime(WDFunctions.java:150)
	at base.WDFunctions.getSysTime(WDFunctions.java:150)
	at base.WDFunctions.getSysTime(WDFunctions.java:150)
	at base.WDFunctions.getSysTime(WDFunctions.java:150)
	at base.WDFunctions.getSysTime(WDFunctions.java:150)
	at base.WDFunctions.getSysTime(WDFunctions.java:150)
	at base.WDFunctions.getSysTime(WDFunctions.java:150)
	at base.WDFunctions.getSysTime(WDFunctions.java:150)
	at base.WDFunctions.getSysTime(WDFunctions.java:150)
	at base.WDFunctions.getSysTime(WDFunctions.java:150)
	at base.WDFunctions.getSysTime(WDFunctions.java:150)
	at base.WDFunctions.getSysTime(WDFunctions.java:150)
	at base.WDFunctions.getSysTime(WDFunctions.java:150)
	at base.WDFunctions.getSysTime(WDFunctions.java:150)
	at base.WDFunctions.getSysTime(WDFunctions.java:150)
	at base.WDFunctions.getSysTime(WDFunctions.java:150)
	at base.WDFunctions.getSysTime(WDFunctions.java:150)
	at base.WDFunctions.getSysTime(WDFunctions.java:150)
	at base.WDFunctions.getSysTime(WDFunctions.java:150)
	at base.WDFunctions.getSysTime(WDFunctions.java:150)
	at base.WDFunctions.getSysTime(WDFunctions.java:150)
	at base.WDFunctions.getSysTime(WDFunctions.java:150)
	at base.WDFunctions.getSysTime(WDFunctions.java:150)
	at base.WDFunctions.getSysTime(WDFunctions.java:150)
	at base.WDFunctions.getSysTime(WDFunctions.java:150)
	at base.WDFunctions.getSysTime(WDFunctions.java:150)
	at base.WDFunctions.getSysTime(WDFunctions.java:150)
	at base.WDFunctions.getSysTime(WDFunctions.java:150)
	at base.WDFunctions.getSysTime(WDFunctions.java:150)
	at base.WDFunctions.getSysTime(WDFunctions.java:150)
	at base.WDFunctions.getSysTime(WDFunctions.java:150)
	at base.WDFunctions.getSysTime(WDFunctions.java:150)
	at base.WDFunctions.getSysTime(WDFunctions.java:150)
	at base.WDFunctions.getSysTime(WDFunctions.java:150)
	at base.WDFunctions.getSysTime(WDFunctions.java:150)
	at base.WDFunctions.getSysTime(WDFunctions.java:150)
	at base.WDFunctions.getSysTime(WDFunctions.java:150)
	at base.WDFunctions.getSysTime(WDFunctions.java:150)
	at base.WDFunctions.getSysTime(WDFunctions.java:150)
	at base.WDFunctions.getSysTime(WDFunctions.java:150)
	at base.WDFunctions.getSysTime(WDFunctions.java:150)
	at base.WDFunctions.getSysTime(WDFunctions.java:150)
	at base.WDFunctions.getSysTime(WDFunctions.java:150)
	at base.WDFunctions.getSysTime(WDFunctions.java:150)
	at base.WDFunctions.getSysTime(WDFunctions.java:150)
	at base.WDFunctions.getSysTime(WDFunctions.java:150)
	at base.WDFunctions.getSysTime(WDFunctions.java:150)
	at base.WDFunctions.getSysTime(WDFunctions.java:150)
	at base.WDFunctions.getSysTime(WDFunctions.java:150)
	at base.WDFunctions.getSysTime(WDFunctions.java:150)
	at base.WDFunctions.getSysTime(WDFunctions.java:150)
	at base.WDFunctions.getSysTime(WDFunctions.java:150)
	at base.WDFunctions.getSysTime(WDFunctions.java:150)
	at base.WDFunctions.getSysTime(WDFunctions.java:150)
	at base.WDFunctions.getSysTime(WDFunctions.java:150)
	at base.WDFunctions.getSysTime(WDFunctions.java:150)
	at base.WDFunctions.getSysTime(WDFunctions.java:150)
	at base.WDFunctions.getSysTime(WDFunctions.java:150)
	at base.WDFunctions.getSysTime(WDFunctions.java:150)
	at base.WDFunctions.getSysTime(WDFunctions.java:150)
	at base.WDFunctions.getSysTime(WDFunctions.java:150)
	at base.WDFunctions.getSysTime(WDFunctions.java:150)
	at base.WDFunctions.getSysTime(WDFunctions.java:150)
	at base.WDFunctions.getSysTime(WDFunctions.java:150)
	at base.WDFunctions.getSysTime(WDFunctions.java:150)
	at base.WDFunctions.getSysTime(WDFunctions.java:150)
	at base.WDFunctions.getSysTime(WDFunctions.java:150)
	at base.WDFunctions.getSysTime(WDFunctions.java:150)
	at base.WDFunctions.getSysTime(WDFunctions.java:150)
	at base.WDFunctions.getSysTime(WDFunctions.java:150)
	at base.WDFunctions.getSysTime(WDFunctions.java:150)
	at base.WDFunctions.getSysTime(WDFunctions.java:150)
	at base.WDFunctions.getSysTime(WDFunctions.java:150)
	at base.WDFunctions.getSysTime(WDFunctions.java:150)
	at base.WDFunctions.getSysTime(WDFunctions.java:150)
]]>
    </error>
  </testcase> <!-- Sucessfully_delete_mail_Test -->
</testsuite> <!-- Test_Cases.Successfully_delete_mail$Sign_in_test -->
